
=== Nancy Drew Mystery Stories (56 volumes) ===
+ #1 The Secret of the Old Clock | grade 4 | 1990-05-15
+ #2 The Hidden Staircase | grade 4 | 1990-05-15
+ #3 The Bungalow Mystery | grade 4 | 1990-05-15
+ #4 The Mystery at Lilac Inn | grade 4 | 1990-05-15
+ #5 The Secret at Shadow Ranch | grade 4 | 1990-05-15
+ #6 The Secret of Red Gate Farm | grade 4 | 1990-05-15
+ #7 The Clue in the Diary | grade 4 | 1990-05-15
+ #8 Nancy's Mysterious Letter | grade 4 | 1990-05-15
+ #9 The Sign of the Twisted Candles | grade 4 | 1990-05-15
+ #10 The Password to Larkspur Lane | grade 4 | 1990-05-15
+ #11 The Clue of the Broken Locket | grade 4 | 1990-05-15
+ #12 The Message in the Hollow Oak | grade 4 | 1990-05-15
+ #13 The Mystery of the Ivory Charm | grade 4 | 1990-05-15
+ #14 The Whispering Statue | grade 4 | 1990-05-15
+ #15 The Haunted Bridge | grade 5 | 1991-05-15
+ #16 The Clue of the Tapping Heels | grade 5 | 1991-05-15
+ #17 The Mystery of the Brass-Bound Trunk | grade 5 | 1991-05-15
+ #18 The Mystery at the Moss-Covered Mansion | grade 5 | 1991-05-15
+ #19 The Quest of the Missing Map | grade 5 | 1991-05-15
+ #20 The Clue in the Jewel Box | grade 5 | 1991-05-15
+ #21 The Secret in the Old Attic | grade 5 | 1991-05-15
+ #22 The Clue in the Crumbling Wall | grade 5 | 1991-05-15
+ #23 The Mystery of the Tolling Bell | grade 5 | 1991-05-15
+ #24 The Clue in the Old Album | grade 5 | 1991-05-15
+ #25 The Ghost of Blackwood Hall | grade 5 | 1991-05-15
+ #26 The Clue of the Leaning Chimney | grade 5 | 1991-05-15
+ #27 The Secret of the Wooden Lady | grade 5 | 1991-05-15
+ #28 The Clue of the Black Keys | grade 5 | 1991-05-15
+ #29 The Mystery at the Ski Jump | grade 6 | 1992-05-15
+ #30 The Clue of the Velvet Mask | grade 6 | 1992-05-15
+ #31 The Ringmaster's Secret | grade 6 | 1992-05-15
+ #32 The Scarlet Slipper Mystery | grade 6 | 1992-05-15
+ #33 The Witch Tree Symbol | grade 6 | 1992-05-15
+ #34 The Hidden Window Mystery | grade 6 | 1992-05-15
+ #35 The Haunted Showboat | grade 6 | 1992-05-15
+ #36 The Secret of the Golden Pavilion | grade 6 | 1992-05-15
+ #37 The Clue in the Old Stagecoach | grade 6 | 1992-05-15
+ #38 The Mystery of the Fire Dragon | grade 6 | 1992-05-15
+ #39 The Clue of the Dancing Puppet | grade 6 | 1992-05-15
+ #40 The Moonstone Castle Mystery | grade 6 | 1992-05-15
+ #41 The Clue of the Whistling Bagpipes | grade 6 | 1992-05-15
+ #42 The Phantom of Pine Hill | grade 6 | 1992-05-15
+ #43 The Mystery of the 99 Steps | grade 7 | 1993-05-15
+ #44 The Clue in the Crossword Cipher | grade 7 | 1993-05-15
+ #45 The Spider Sapphire Mystery | grade 7 | 1993-05-15
+ #46 The Invisible Intruder | grade 7 | 1993-05-15
+ #47 The Mysterious Mannequin | grade 7 | 1993-05-15
+ #48 The Crooked Banister | grade 7 | 1993-05-15
+ #49 The Secret of Mirror Bay | grade 7 | 1993-05-15
+ #50 The Double Jinx Mystery | grade 7 | 1993-05-15
+ #51 Mystery of the Glowing Eye | grade 7 | 1993-05-15
+ #52 The Secret of the Forgotten City | grade 7 | 1993-05-15
+ #53 The Sky Phantom | grade 7 | 1993-05-15
+ #54 The Strange Message in the Parchment | grade 7 | 1993-05-15
+ #55 Mystery of Crocodile Island | grade 7 | 1993-05-15
+ #56 The Thirteenth Pearl | grade 8 | 1994-05-15

=== Hardy Boys Mystery Stories (58 volumes) ===
+ #1 The Tower Treasure | grade 4 | 1990-05-15
+ #2 The House on the Cliff | grade 4 | 1990-05-15
+ #3 The Secret of the Old Mill | grade 4 | 1990-05-15
+ #4 The Missing Chums | grade 4 | 1990-05-15
+ #5 Hunting for Hidden Gold | grade 4 | 1990-05-15
+ #6 The Shore Road Mystery | grade 4 | 1990-05-15
+ #7 The Secret of the Caves | grade 4 | 1990-05-15
+ #8 The Mystery of Cabin Island | grade 4 | 1990-05-15
+ #9 The Great Airport Mystery | grade 4 | 1990-05-15
+ #10 What Happened at Midnight | grade 4 | 1990-05-15
+ #11 While the Clock Ticked | grade 4 | 1990-05-15
+ #12 Footprints Under the Window | grade 4 | 1990-05-15
+ #13 The Mark on the Door | grade 4 | 1990-05-15
+ #14 The Hidden Harbor Mystery | grade 4 | 1990-05-15
+ #15 The Sinister Signpost | grade 4 | 1990-05-15
+ #16 A Figure in Hiding | grade 5 | 1991-05-15
+ #17 The Secret Warning | grade 5 | 1991-05-15
+ #18 The Twisted Claw | grade 5 | 1991-05-15
+ #19 The Disappearing Floor | grade 5 | 1991-05-15
+ #20 The Mystery of the Flying Express | grade 5 | 1991-05-15
+ #21 The Clue of the Broken Blade | grade 5 | 1991-05-15
+ #22 The Flickering Torch Mystery | grade 5 | 1991-05-15
+ #23 The Melted Coins | grade 5 | 1991-05-15
+ #24 The Short-Wave Mystery | grade 5 | 1991-05-15
+ #25 The Secret Panel | grade 5 | 1991-05-15
+ #26 The Phantom Freighter | grade 5 | 1991-05-15
+ #27 The Secret of Skull Mountain | grade 5 | 1991-05-15
+ #28 The Sign of the Crooked Arrow | grade 5 | 1991-05-15
+ #29 The Secret of the Lost Tunnel | grade 5 | 1991-05-15
+ #30 The Wailing Siren Mystery | grade 6 | 1992-05-15
+ #31 The Secret of Wildcat Swamp | grade 6 | 1992-05-15
+ #32 The Crisscross Shadow | grade 6 | 1992-05-15
+ #33 The Yellow Feather Mystery | grade 6 | 1992-05-15
+ #34 The Hooded Hawk Mystery | grade 6 | 1992-05-15
+ #35 The Clue in the Embers | grade 6 | 1992-05-15
+ #36 The Secret of Pirates' Hill | grade 6 | 1992-05-15
+ #37 The Ghost at Skeleton Rock | grade 6 | 1992-05-15
+ #38 The Mystery at Devil's Paw | grade 6 | 1992-05-15
+ #39 The Mystery of the Chinese Junk | grade 6 | 1992-05-15
+ #40 Mystery of the Desert Giant | grade 6 | 1992-05-15
+ #41 The Clue of the Screeching Owl | grade 6 | 1992-05-15
+ #42 The Viking Symbol Mystery | grade 6 | 1992-05-15
+ #43 The Mystery of the Aztec Warrior | grade 6 | 1992-05-15
+ #44 The Haunted Fort | grade 7 | 1993-05-15
+ #45 The Mystery of the Spiral Bridge | grade 7 | 1993-05-15
+ #46 The Secret Agent on Flight 101 | grade 7 | 1993-05-15
+ #47 Mystery of the Whale Tattoo | grade 7 | 1993-05-15
+ #48 The Arctic Patrol Mystery | grade 7 | 1993-05-15
+ #49 The Bombay Boomerang | grade 7 | 1993-05-15
+ #50 Danger on Vampire Trail | grade 7 | 1993-05-15
+ #51 The Masked Monkey | grade 7 | 1993-05-15
+ #52 The Shattered Helmet | grade 7 | 1993-05-15
+ #53 The Clue of the Hissing Serpent | grade 7 | 1993-05-15
+ #54 The Mysterious Caravan | grade 7 | 1993-05-15
+ #55 The Witchmaster's Key | grade 7 | 1993-05-15
+ #56 The Jungle Pyramid | grade 7 | 1993-05-15
+ #57 The Firebird Rocket | grade 7 | 1993-05-15
+ #58 The Sting of the Scorpion | grade 8 | 1994-05-15

Imported 114, skipped 0, cover errors 0
Report: /Users/jenthedev/Projects/mystic-bytes/scripts/readings/series-import-report.json
